<?xml version="1.0" encoding="UTF-8"?>
<testng-results skipped="0" failed="0" total="1" passed="1">
  <reporter-output>
  </reporter-output>
  <suite name="Default suite" duration-ms="917" started-at="2019-10-24T10:46:34Z" finished-at="2019-10-24T10:46:35Z">
    <groups>
    </groups>
    <test name="Default test" duration-ms="917" started-at="2019-10-24T10:46:34Z" finished-at="2019-10-24T10:46:35Z">
      <class name="DriverFactory.AppTest">
        <test-method status="PASS" signature="ERP_Start()[pri:0, instance:DriverFactory.AppTest@7823a2f9]" name="ERP_Start" duration-ms="900" started-at="2019-10-24T16:16:34Z" finished-at="2019-10-24T16:16:35Z">
          <reporter-output>
          </reporter-output>
        </test-method> <!-- ERP_Start -->
      </class> <!-- DriverFactory.AppTest -->
    </test> <!-- Default test -->
  </suite> <!-- Default suite -->
</testng-results>
